42620133045
62845647933
57105181910
56352723147
78148591129
61024657005
60223324294
97714597503
64837650100
108646804492
92935388593
116533114419
87782411754
74011766437
47768546266
146818918107
59117157566
71811523588
46742323196
99492779557
65541576410
65077392107
48142234350
54899005033
43157273138
70393620319
73423556012
45585852080
67800519846
100422473007
62434254665
57217710461
41220248955
55437735448
61875002551
56071278310
41333926180
74953208017
57086521859
70223072015
56993418924
70951643181
62107196575
41301135505
61425761129
69483816057
61378115045
41424733972
74894010283
61523478295
99352244023
70224922407
