66209689149
99674270630
84368455456
282566354754
100456739631
74490652678
122767172926
73054740938
164564895892
114966938349
325421504159
119715403585
123877601186
235829447769
210338322110
254375650315
338882588135
91687495705
111842521100
60607175341
310552098572
181611324692
40651970619
137030098207
116386517355
78102442341
40592106921
44800518231
114210382742
44592070613
503939001341
66331424457
125217326980
72521594467
77964755389
227434087754
195059817404
85569158802
60284658612
59892238436
41302856381
79211564951
149248878118
110721229621
241260955861
103126964002
72677858357
386921445283
162924074536
413053134704
40998946265
40710579061
