54340925058
26294948832
35859941033
47534279400
33240642873
37841065377
40957826359
44261414603
23830332159
42714231008
25594037930
44755837602
26316385127
26026481506
42366513730
58057983173
47584901170
25814796048
47293066227
52879664413
26555867588
52615652507
37219469437
26592810241
26751630807
26728409864
39377008028
26573246670
49669284711
42146308773
36671610766
37051850064
26270505903
52294567387
26009974235
46735808966
25755558995
26369823490
61150911082
47354392767
86402027224
26590450669
26264997213
45143824337
26643730366
26614057321
45916005226
25552338618
42740719946
61763390945
52346048248
