124846263045
26956428622
50460588687
24165657812
105939753519
129117001990
36378076968
190211925672
135534443213
50471422661
73971239489
151906685132
27634736399
45080605124
27132291787
47857204906
34556059783
63015800863
49456446471
280174077352
38238629509
39917283017
102698710839
96319845973
63367688705
56918003674
298689197024
40605802038
37683275036
48492419598
121033175086
26433420476
26421173528
26618614295
26717374804
160869406518
26910112405
109745639960
295239743092
102556470735
27618581104
186931630031
26894251306
37282664114
474257642628
54697941250
91945079542
30708327218
101607002750
41995825807
46806981831
